<?xml version="1.0" encoding="UTF-8"?>
<!-- Generated by org.testng.reporters.JUnitXMLReporter -->
<testsuite ignored="0" hostname="DESKTOP-TKNABN7" failures="0" tests="5" name="Test on ff" time="190.05" errors="0" timestamp="02 Oct. 2019 18:43:54 GMT">
  <testcase classname="com.bestbuy.tests.HomePageTests" name="verifyHomePageTitle" time="0.082"/>
  <testcase classname="com.bestbuy.tests.CompleteOrderTest" name="verifyPaymentErrorMessage" time="32.557"/>
  <testcase classname="com.bestbuy.tests.HomePageTests" name="doSearch" time="9.295"/>
  <testcase classname="com.bestbuy.tests.HomePageTests" name="emptySearch" time="7.154"/>
  <testcase classname="com.bestbuy.tests.HomePageTests" name="selectingItem" time="10.927"/>
</testsuite> <!-- Test on ff -->
