<?xml version="1.0" encoding="UTF-8"?>
<!-- Generated by org.testng.reporters.JUnitXMLReporter -->
<testsuite ignored="2" hostname="DESKTOP-TKNABN7" failures="0" tests="8" name="Test on chrome" time="254.737" errors="0" timestamp="10 Oct. 2019 17:24:07 GMT">
  <testcase classname="com.bestbuy.tests.TDDSearchItem" name="dataDrivenSearch" time="5.958"/>
  <testcase classname="com.bestbuy.tests.TDDSearchItem" name="dataDrivenSearch" time="5.437"/>
  <testcase classname="com.bestbuy.tests.TDDSearchItem" name="dataDrivenSearch" time="4.254"/>
  <testcase classname="com.bestbuy.tests.TDDSearchItem" name="dataDrivenSearch" time="3.528"/>
  <testcase classname="com.bestbuy.tests.HomePageTests" name="verifyHomePageTitle" time="0.017"/>
  <testcase classname="com.bestbuy.tests.HomePageTests" name="doSearch" time="3.777"/>
  <testcase classname="com.bestbuy.tests.HomePageTests" name="emptySearch" time="4.642"/>
  <testcase classname="com.bestbuy.tests.HomePageTests" name="selectingItem" time="10.6"/>
  <testcase classname="com.bestbuy.tests.BrokenLinksandImages" name="verifyBrokenLinks" time="0.0">
    <ignored/>
  </testcase> <!-- verifyBrokenLinks -->
  <testcase classname="com.bestbuy.tests.CompleteOrderTest" name="verifyPaymentErrorMessage" time="0.0">
    <ignored/>
  </testcase> <!-- verifyPaymentErrorMessage -->
</testsuite> <!-- Test on chrome -->
