<?xml version="1.0" encoding="UTF-8"?>
<testng-results ignored="2" total="10" passed="8" failed="0" skipped="0">
  <reporter-output>
  </reporter-output>
  <suite started-at="2019-10-10T17:19:50Z" name="Suite" finished-at="2019-10-10T17:24:05Z" duration-ms="254737">
    <groups>
    </groups>
    <test started-at="2019-10-10T17:19:50Z" name="Test on chrome" finished-at="2019-10-10T17:24:05Z" duration-ms="254737">
      <class name="com.bestbuy.tests.HomePageTests">
        <test-method is-config="true" signature="setUp(java.lang.String)[pri:0, instance:com.bestbuy.tests.HomePageTests@7dc0f706]" started-at="2019-10-10T17:22:05Z" name="setUp" finished-at="2019-10-10T17:22:30Z" duration-ms="24417" status="PASS">
          <params>
            <param index="0">
              <value>
                <![CDATA[chrome]]>
              </value>
            </param>
          </params>
          <reporter-output>
          </reporter-output>
        </test-method> <!-- setUp -->
        <test-method signature="verifyHomePageTitle()[pri:1, instance:com.bestbuy.tests.HomePageTests@7dc0f706]" started-at="2019-10-10T17:22:30Z" name="verifyHomePageTitle" description="Home page title" finished-at="2019-10-10T17:22:30Z" duration-ms="17" status="PASS">
          <reporter-output>
          </reporter-output>
        </test-method> <!-- verifyHomePageTitle -->
        <test-method is-config="true" signature="tearDown()[pri:0, instance:com.bestbuy.tests.HomePageTests@7dc0f706]" started-at="2019-10-10T17:22:30Z" name="tearDown" finished-at="2019-10-10T17:22:31Z" duration-ms="953" status="PASS">
          <reporter-output>
          </reporter-output>
        </test-method> <!-- tearDown -->
        <test-method is-config="true" signature="setUp(java.lang.String)[pri:0, instance:com.bestbuy.tests.HomePageTests@7dc0f706]" started-at="2019-10-10T17:22:31Z" name="setUp" finished-at="2019-10-10T17:22:54Z" duration-ms="22861" status="PASS">
          <params>
            <param index="0">
              <value>
                <![CDATA[chrome]]>
              </value>
            </param>
          </params>
          <reporter-output>
          </reporter-output>
        </test-method> <!-- setUp -->
        <test-method signature="doSearch()[pri:2, instance:com.bestbuy.tests.HomePageTests@7dc0f706]" started-at="2019-10-10T17:22:54Z" name="doSearch" description="Search an item" finished-at="2019-10-10T17:22:57Z" duration-ms="3777" status="PASS">
          <reporter-output>
          </reporter-output>
        </test-method> <!-- doSearch -->
        <test-method is-config="true" signature="tearDown()[pri:0, instance:com.bestbuy.tests.HomePageTests@7dc0f706]" started-at="2019-10-10T17:22:57Z" name="tearDown" finished-at="2019-10-10T17:22:59Z" duration-ms="1848" status="PASS">
          <reporter-output>
          </reporter-output>
        </test-method> <!-- tearDown -->
        <test-method is-config="true" signature="setUp(java.lang.String)[pri:0, instance:com.bestbuy.tests.HomePageTests@7dc0f706]" started-at="2019-10-10T17:22:59Z" name="setUp" finished-at="2019-10-10T17:23:24Z" duration-ms="24196" status="PASS">
          <params>
            <param index="0">
              <value>
                <![CDATA[chrome]]>
              </value>
            </param>
          </params>
          <reporter-output>
          </reporter-output>
        </test-method> <!-- setUp -->
        <test-method signature="emptySearch()[pri:3, instance:com.bestbuy.tests.HomePageTests@7dc0f706]" started-at="2019-10-10T17:23:24Z" name="emptySearch" description="Empty search" finished-at="2019-10-10T17:23:28Z" duration-ms="4642" status="PASS">
          <reporter-output>
          </reporter-output>
        </test-method> <!-- emptySearch -->
        <test-method is-config="true" signature="tearDown()[pri:0, instance:com.bestbuy.tests.HomePageTests@7dc0f706]" started-at="2019-10-10T17:23:28Z" name="tearDown" finished-at="2019-10-10T17:23:29Z" duration-ms="762" status="PASS">
          <reporter-output>
          </reporter-output>
        </test-method> <!-- tearDown -->
        <test-method is-config="true" signature="setUp(java.lang.String)[pri:0, instance:com.bestbuy.tests.HomePageTests@7dc0f706]" started-at="2019-10-10T17:23:29Z" name="setUp" finished-at="2019-10-10T17:23:53Z" duration-ms="24191" status="PASS">
          <params>
            <param index="0">
              <value>
                <![CDATA[chrome]]>
              </value>
            </param>
          </params>
          <reporter-output>
          </reporter-output>
        </test-method> <!-- setUp -->
        <test-method signature="selectingItem()[pri:4, instance:com.bestbuy.tests.HomePageTests@7dc0f706]" started-at="2019-10-10T17:23:53Z" name="selectingItem" finished-at="2019-10-10T17:24:04Z" duration-ms="10600" status="PASS">
          <reporter-output>
          </reporter-output>
        </test-method> <!-- selectingItem -->
        <test-method is-config="true" signature="tearDown()[pri:0, instance:com.bestbuy.tests.HomePageTests@7dc0f706]" started-at="2019-10-10T17:24:04Z" name="tearDown" finished-at="2019-10-10T17:24:05Z" duration-ms="1266" status="PASS">
          <reporter-output>
          </reporter-output>
        </test-method> <!-- tearDown -->
      </class> <!-- com.bestbuy.tests.HomePageTests -->
      <class name="com.bestbuy.tests.TDDSearchItem">
        <test-method is-config="true" signature="setUp(java.lang.String)[pri:0, instance:com.bestbuy.tests.TDDSearchItem@4009e306]" started-at="2019-10-10T17:19:53Z" name="setUp" finished-at="2019-10-10T17:20:32Z" duration-ms="39007" status="PASS">
          <params>
            <param index="0">
              <value>
                <![CDATA[chrome]]>
              </value>
            </param>
          </params>
          <reporter-output>
          </reporter-output>
        </test-method> <!-- setUp -->
        <test-method signature="dataDrivenSearch(java.lang.String)[pri:0, instance:com.bestbuy.tests.TDDSearchItem@4009e306]" started-at="2019-10-10T17:20:32Z" name="dataDrivenSearch" data-provider="getData" finished-at="2019-10-10T17:20:38Z" duration-ms="5958" status="PASS">
          <params>
            <param index="0">
              <value>
                <![CDATA[iphone]]>
              </value>
            </param>
          </params>
          <reporter-output>
          </reporter-output>
        </test-method> <!-- dataDrivenSearch -->
        <test-method is-config="true" signature="tearDown()[pri:0, instance:com.bestbuy.tests.TDDSearchItem@4009e306]" started-at="2019-10-10T17:20:38Z" name="tearDown" finished-at="2019-10-10T17:20:39Z" duration-ms="910" status="PASS">
          <reporter-output>
          </reporter-output>
        </test-method> <!-- tearDown -->
        <test-method is-config="true" signature="setUp(java.lang.String)[pri:0, instance:com.bestbuy.tests.TDDSearchItem@4009e306]" started-at="2019-10-10T17:20:39Z" name="setUp" finished-at="2019-10-10T17:21:10Z" duration-ms="30560" status="PASS">
          <params>
            <param index="0">
              <value>
                <![CDATA[chrome]]>
              </value>
            </param>
          </params>
          <reporter-output>
          </reporter-output>
        </test-method> <!-- setUp -->
        <test-method signature="dataDrivenSearch(java.lang.String)[pri:0, instance:com.bestbuy.tests.TDDSearchItem@4009e306]" started-at="2019-10-10T17:21:10Z" name="dataDrivenSearch" data-provider="getData" finished-at="2019-10-10T17:21:15Z" duration-ms="5437" status="PASS">
          <params>
            <param index="0">
              <value>
                <![CDATA[note 9]]>
              </value>
            </param>
          </params>
          <reporter-output>
          </reporter-output>
        </test-method> <!-- dataDrivenSearch -->
        <test-method is-config="true" signature="tearDown()[pri:0, instance:com.bestbuy.tests.TDDSearchItem@4009e306]" started-at="2019-10-10T17:21:15Z" name="tearDown" finished-at="2019-10-10T17:21:16Z" duration-ms="1162" status="PASS">
          <reporter-output>
          </reporter-output>
        </test-method> <!-- tearDown -->
        <test-method is-config="true" signature="setUp(java.lang.String)[pri:0, instance:com.bestbuy.tests.TDDSearchItem@4009e306]" started-at="2019-10-10T17:21:16Z" name="setUp" finished-at="2019-10-10T17:21:34Z" duration-ms="17316" status="PASS">
          <params>
            <param index="0">
              <value>
                <![CDATA[chrome]]>
              </value>
            </param>
          </params>
          <reporter-output>
          </reporter-output>
        </test-method> <!-- setUp -->
        <test-method signature="dataDrivenSearch(java.lang.String)[pri:0, instance:com.bestbuy.tests.TDDSearchItem@4009e306]" started-at="2019-10-10T17:21:34Z" name="dataDrivenSearch" data-provider="getData" finished-at="2019-10-10T17:21:38Z" duration-ms="4254" status="PASS">
          <params>
            <param index="0">
              <value>
                <![CDATA[cokker]]>
              </value>
            </param>
          </params>
          <reporter-output>
          </reporter-output>
        </test-method> <!-- dataDrivenSearch -->
        <test-method is-config="true" signature="tearDown()[pri:0, instance:com.bestbuy.tests.TDDSearchItem@4009e306]" started-at="2019-10-10T17:21:38Z" name="tearDown" finished-at="2019-10-10T17:21:39Z" duration-ms="1037" status="PASS">
          <reporter-output>
          </reporter-output>
        </test-method> <!-- tearDown -->
        <test-method is-config="true" signature="setUp(java.lang.String)[pri:0, instance:com.bestbuy.tests.TDDSearchItem@4009e306]" started-at="2019-10-10T17:21:39Z" name="setUp" finished-at="2019-10-10T17:22:00Z" duration-ms="21619" status="PASS">
          <params>
            <param index="0">
              <value>
                <![CDATA[chrome]]>
              </value>
            </param>
          </params>
          <reporter-output>
          </reporter-output>
        </test-method> <!-- setUp -->
        <test-method signature="dataDrivenSearch(java.lang.String)[pri:0, instance:com.bestbuy.tests.TDDSearchItem@4009e306]" started-at="2019-10-10T17:22:00Z" name="dataDrivenSearch" data-provider="getData" finished-at="2019-10-10T17:22:04Z" duration-ms="3528" status="PASS">
          <params>
            <param index="0">
              <value>
                <![CDATA[owen]]>
              </value>
            </param>
          </params>
          <reporter-output>
          </reporter-output>
        </test-method> <!-- dataDrivenSearch -->
        <test-method is-config="true" signature="tearDown()[pri:0, instance:com.bestbuy.tests.TDDSearchItem@4009e306]" started-at="2019-10-10T17:22:04Z" name="tearDown" finished-at="2019-10-10T17:22:05Z" duration-ms="1528" status="PASS">
          <reporter-output>
          </reporter-output>
        </test-method> <!-- tearDown -->
      </class> <!-- com.bestbuy.tests.TDDSearchItem -->
    </test> <!-- Test on chrome -->
  </suite> <!-- Suite -->
</testng-results>
