<?xml version="1.0" encoding="UTF-8"?>
<testsuite xmlns:xsi="http://www.w3.org/2001/XMLSchema-instance" xsi:noNamespaceSchemaLocation="https://maven.apache.org/surefire/maven-surefire-plugin/xsd/surefire-test-report-3.0.xsd" version="3.0" name="TestSuite" time="264.933" tests="8" errors="0" skipped="0" failures="0">
  <properties>
[...]
</properties>
  <testcase name="dataDrivenSearch" classname="com.bestbuy.tests.TDDSearchItem" time="5.959"/>
  <testcase name="dataDrivenSearch" classname="com.bestbuy.tests.TDDSearchItem" time="5.436"/>
  <testcase name="dataDrivenSearch" classname="com.bestbuy.tests.TDDSearchItem" time="4.256"/>
  <testcase name="dataDrivenSearch" classname="com.bestbuy.tests.TDDSearchItem" time="3.527"/>
  <testcase name="verifyHomePageTitle" classname="com.bestbuy.tests.HomePageTests" time="0.015"/>
  <testcase name="doSearch" classname="com.bestbuy.tests.HomePageTests" time="3.774"/>
  <testcase name="emptySearch" classname="com.bestbuy.tests.HomePageTests" time="4.643"/>
  <testcase name="selectingItem" classname="com.bestbuy.tests.HomePageTests" time="10.601"/>
</testsuite>